Build started 4/15/2015 3:56:31 PM.
     1>Project "C:\Users\User\Desktop\git\Sudabot\Sudabot\Sudabot\Sudabot.vcxproj" on node 2 (Build target(s)).
     1>ClCompile:
         C:\Program Files (x86)\Microsoft Visual Studio 11.0\VC\bin\CL.exe /c /ZI /nologo /W3 /WX- /Od /Oy- /D _MBCS /Gm /EHsc /RTC1 /MDd /GS /fp:precise /Zc:wchar_t /Zc:forScope /Fo"Debug\\" /Fd"Debug\vc110.pdb" /Gd /TP /analyze- /errorReport:prompt "libsudabot\sudabot-config.cpp"
         sudabot-config.cpp
     1>c:\users\user\desktop\git\sudabot\sudabot\sudabot\libsudabot\sudabot-config.cpp(68): warning C4800: 'char *' : forcing value to bool 'true' or 'false' (performance warning)
     1>c:\users\user\desktop\git\sudabot\sudabot\sudabot\libsudabot\sudabot-config.cpp(79): warning C4996: 'strcpy': This function or variable may be unsafe. Consider using strcpy_s instead. To disable deprecation, use _CRT_SECURE_NO_WARNINGS. See online help for details.
                 c:\program files (x86)\microsoft visual studio 11.0\vc\include\string.h(110) : see declaration of 'strcpy'
     1>c:\users\user\desktop\git\sudabot\sudabot\sudabot\libsudabot\sudabot-config.cpp(107): warning C4996: 'strcpy': This function or variable may be unsafe. Consider using strcpy_s instead. To disable deprecation, use _CRT_SECURE_NO_WARNINGS. See online help for details.
                 c:\program files (x86)\microsoft visual studio 11.0\vc\include\string.h(110) : see declaration of 'strcpy'
       Link:
         C:\Program Files (x86)\Microsoft Visual Studio 11.0\VC\bin\link.exe /ERRORREPORT:PROMPT /OUT:"C:\Users\User\Desktop\git\Sudabot\Sudabot\Debug\Sudabot.exe" /INCREMENTAL /NOLOGO kernel32.lib user32.lib gdi32.lib winspool.lib comdlg32.lib advapi32.lib shell32.lib ole32.lib oleaut32.lib uuid.lib odbc32.lib odbccp32.lib /MANIFEST /MANIFESTUAC:"level='asInvoker' uiAccess='false'" /manifest:embed /DEBUG /PDB:"C:\Users\User\Desktop\git\Sudabot\Sudabot\Debug\Sudabot.pdb" /TLBID:1 /DYNAMICBASE /NXCOMPAT /IMPLIB:"C:\Users\User\Desktop\git\Sudabot\Sudabot\Debug\Sudabot.lib" /MACHINE:X86 "Debug\sudabot-admins.obj"
         "Debug\sudabot-bans.obj"
         "Debug\sudabot-commandHandler.obj"
         "Debug\sudabot-config.obj"
         "Debug\sudabot-core.obj"
         Debug\wincon.obj
         Debug\main.obj
         Sudabot.vcxproj -> C:\Users\User\Desktop\git\Sudabot\Sudabot\Debug\Sudabot.exe
     1>Done Building Project "C:\Users\User\Desktop\git\Sudabot\Sudabot\Sudabot\Sudabot.vcxproj" (Build target(s)).

Build succeeded.

Time Elapsed 00:00:01.66
